


ARM Macro Assembler    Page 1 


    1 00000000                 PRESERVE8
    2 00000000                 THUMB
    3 00000000         
    4 00000000         
    5 00000000                 EXPORT           THEDFT
    6 00000000                 IMPORT           LeSignal
    7 00000000         
    8 00000000         ; ====================== zone de réservation de données,
                         ======================================
    9 00000000         ;Section RAM (read only) :
   10 00000000                 area             mesdata,data,readonly
   11 00000000         
   12 00000000         
   13 00000000         ;Section RAM (read write):
   14 00000000                 area             maram,data,readwrite
   15 00000000         
   16 00000000         
   17 00000000         
   18 00000000         ; ======================================================
                       =========================================
   19 00000000         
   20 00000000         
   21 00000000         
   22 00000000         
   23 00000000         ;Section ROM code (read only) :  
   24 00000000                 area             moncode,code,readonly
   25 00000000         ; écrire le code ici  
   26 00000000         THEDFT  proc
   27 00000000 E92D 03F0       push{r4-r9}
   28 00000004 F04F 0600       mov              r6,#0
   29 00000008 F04F 0300       mov              r3,#0       ; index ; L'index d
                                                            u tableau
   30 0000000C F04F 0900       mov              r9,#0       ; partie imaginaire
                                                            
   31 00000010         iteration
   32 00000010         
   33 00000010 2B40            cmp              r3,#64
   34 00000012 D016            beq              boucleExit
   35 00000014         ;cos
   36 00000014 FB01 F503       mul              r5,r1,r3    ; k*n
   37 00000018 F005 053F       and              r5,#0x003F
   38 0000001C F930 4013       ldrsh            r4,[r0,r3,lsl#1] ; on lit la va
                                                            leur du signal
   39 00000020         ;add r5,r5,r4
   40 00000020 4F0B            ldr              r7,=TabCos
   41 00000022 F937 8015       ldrsh            r8,[r7,r5,lsl#1] ; on lit la va
                                                            leur du tabcos
   42 00000026 FB04 F408       mul              r4, r4, r8  ; x[n]* cos
   43 0000002A 4426            add              r6,r4
   44 0000002C         ;sin
   45 0000002C         
   46 0000002C F930 4013       ldrsh            r4,[r0,r3,lsl#1] ; on lit la va
                                                            leur du signal
   47 00000030 4F08            ldr              r7,=TabSin
   48 00000032 F937 8015       ldrsh            r8,[r7,r5,lsl#1] ; on lit la va
                                                            leur du tabsin
   49 00000036 FB04 F408       mul              r4, r4, r8  ; x[n]* sin
   50 0000003A 44A1            add              r9,r4
   51 0000003C         



ARM Macro Assembler    Page 2 


   52 0000003C         
   53 0000003C F103 0301       add              r3,#1       ; on incremente l'i
                                                            ndex
   54 00000040         
   55 00000040 E7E6            b                iteration
   56 00000042         
   57 00000042         boucleExit
   58 00000042 FB86 1006       smull            r1, r0, r6, r6
   59 00000046 FBC9 1009       smlal            r1, r0, r9, r9
   60 0000004A E8BD 03F0       pop{r4-r9}
   61 0000004E 4770            bx               lr
   62 00000050                 endp
   63 00000050         
   64 00000050         
   65 00000050         ;Section ROM code (read only) :  
   66 00000050 00000000 
              00000000         AREA             Trigo, DATA, READONLY
   67 00000000         ; codage fractionnaire 1.15
   68 00000000         
   69 00000000         TabCos
   70 00000000 FF 7F           DCW              32767       ;  0 0x7fff  0.9999
                                                            7     
   71 00000002 62 7F           DCW              32610       ;  1 0x7f62  0.9951
                                                            8
   72 00000004 8A 7D           DCW              32138       ;  2 0x7d8a  0.9807
                                                            7
   73 00000006 7D 7A           DCW              31357       ;  3 0x7a7d  0.9569
                                                            4
   74 00000008 42 76           DCW              30274       ;  4 0x7642  0.9238
                                                            9
   75 0000000A E3 70           DCW              28899       ;  5 0x70e3  0.8819
                                                            3
   76 0000000C 6E 6A           DCW              27246       ;  6 0x6a6e  0.8314
                                                            8
   77 0000000E F2 62           DCW              25330       ;  7 0x62f2  0.7730
                                                            1
   78 00000010 82 5A           DCW              23170       ;  8 0x5a82  0.7070
                                                            9
   79 00000012 34 51           DCW              20788       ;  9 0x5134  0.6344
                                                            0
   80 00000014 1D 47           DCW              18205       ; 10 0x471d  0.5555
                                                            7
   81 00000016 57 3C           DCW              15447       ; 11 0x3c57  0.4714
                                                            1
   82 00000018 FC 30           DCW              12540       ; 12 0x30fc  0.3826
                                                            9
   83 0000001A 28 25           DCW              9512        ; 13 0x2528  0.2902
                                                            8
   84 0000001C F9 18           DCW              6393        ; 14 0x18f9  0.1951
                                                            0
   85 0000001E 8C 0C           DCW              3212        ; 15 0x0c8c  0.0980
                                                            2
   86 00000020 00 00           DCW              0           ; 16 0x0000  0.0000
                                                            0
   87 00000022 74 F3           DCW              -3212       ; 17 0xf374 -0.0980
                                                            2
   88 00000024 07 E7           DCW              -6393       ; 18 0xe707 -0.1951
                                                            0
   89 00000026 D8 DA           DCW              -9512       ; 19 0xdad8 -0.2902



ARM Macro Assembler    Page 3 


                                                            8
   90 00000028 04 CF           DCW              -12540      ; 20 0xcf04 -0.3826
                                                            9
   91 0000002A A9 C3           DCW              -15447      ; 21 0xc3a9 -0.4714
                                                            1
   92 0000002C E3 B8           DCW              -18205      ; 22 0xb8e3 -0.5555
                                                            7
   93 0000002E CC AE           DCW              -20788      ; 23 0xaecc -0.6344
                                                            0
   94 00000030 7E A5           DCW              -23170      ; 24 0xa57e -0.7070
                                                            9
   95 00000032 0E 9D           DCW              -25330      ; 25 0x9d0e -0.7730
                                                            1
   96 00000034 92 95           DCW              -27246      ; 26 0x9592 -0.8314
                                                            8
   97 00000036 1D 8F           DCW              -28899      ; 27 0x8f1d -0.8819
                                                            3
   98 00000038 BE 89           DCW              -30274      ; 28 0x89be -0.9238
                                                            9
   99 0000003A 83 85           DCW              -31357      ; 29 0x8583 -0.9569
                                                            4
  100 0000003C 76 82           DCW              -32138      ; 30 0x8276 -0.9807
                                                            7
  101 0000003E 9E 80           DCW              -32610      ; 31 0x809e -0.9951
                                                            8
  102 00000040 00 80           DCW              -32768      ; 32 0x8000 -1.0000
                                                            0
  103 00000042 9E 80           DCW              -32610      ; 33 0x809e -0.9951
                                                            8
  104 00000044 76 82           DCW              -32138      ; 34 0x8276 -0.9807
                                                            7
  105 00000046 83 85           DCW              -31357      ; 35 0x8583 -0.9569
                                                            4
  106 00000048 BE 89           DCW              -30274      ; 36 0x89be -0.9238
                                                            9
  107 0000004A 1D 8F           DCW              -28899      ; 37 0x8f1d -0.8819
                                                            3
  108 0000004C 92 95           DCW              -27246      ; 38 0x9592 -0.8314
                                                            8
  109 0000004E 0E 9D           DCW              -25330      ; 39 0x9d0e -0.7730
                                                            1
  110 00000050 7E A5           DCW              -23170      ; 40 0xa57e -0.7070
                                                            9
  111 00000052 CC AE           DCW              -20788      ; 41 0xaecc -0.6344
                                                            0
  112 00000054 E3 B8           DCW              -18205      ; 42 0xb8e3 -0.5555
                                                            7
  113 00000056 A9 C3           DCW              -15447      ; 43 0xc3a9 -0.4714
                                                            1
  114 00000058 04 CF           DCW              -12540      ; 44 0xcf04 -0.3826
                                                            9
  115 0000005A D8 DA           DCW              -9512       ; 45 0xdad8 -0.2902
                                                            8
  116 0000005C 07 E7           DCW              -6393       ; 46 0xe707 -0.1951
                                                            0
  117 0000005E 74 F3           DCW              -3212       ; 47 0xf374 -0.0980
                                                            2
  118 00000060 00 00           DCW              0           ; 48 0x0000  0.0000
                                                            0



ARM Macro Assembler    Page 4 


  119 00000062 8C 0C           DCW              3212        ; 49 0x0c8c  0.0980
                                                            2
  120 00000064 F9 18           DCW              6393        ; 50 0x18f9  0.1951
                                                            0
  121 00000066 28 25           DCW              9512        ; 51 0x2528  0.2902
                                                            8
  122 00000068 FC 30           DCW              12540       ; 52 0x30fc  0.3826
                                                            9
  123 0000006A 57 3C           DCW              15447       ; 53 0x3c57  0.4714
                                                            1
  124 0000006C 1D 47           DCW              18205       ; 54 0x471d  0.5555
                                                            7
  125 0000006E 34 51           DCW              20788       ; 55 0x5134  0.6344
                                                            0
  126 00000070 82 5A           DCW              23170       ; 56 0x5a82  0.7070
                                                            9
  127 00000072 F2 62           DCW              25330       ; 57 0x62f2  0.7730
                                                            1
  128 00000074 6E 6A           DCW              27246       ; 58 0x6a6e  0.8314
                                                            8
  129 00000076 E3 70           DCW              28899       ; 59 0x70e3  0.8819
                                                            3
  130 00000078 42 76           DCW              30274       ; 60 0x7642  0.9238
                                                            9
  131 0000007A 7D 7A           DCW              31357       ; 61 0x7a7d  0.9569
                                                            4
  132 0000007C 8A 7D           DCW              32138       ; 62 0x7d8a  0.9807
                                                            7
  133 0000007E 62 7F           DCW              32610       ; 63 0x7f62  0.9951
                                                            8
  134 00000080         TabSin
  135 00000080 00 00           DCW              0           ;  0 0x0000  0.0000
                                                            0
  136 00000082 8C 0C           DCW              3212        ;  1 0x0c8c  0.0980
                                                            2
  137 00000084 F9 18           DCW              6393        ;  2 0x18f9  0.1951
                                                            0
  138 00000086 28 25           DCW              9512        ;  3 0x2528  0.2902
                                                            8
  139 00000088 FC 30           DCW              12540       ;  4 0x30fc  0.3826
                                                            9
  140 0000008A 57 3C           DCW              15447       ;  5 0x3c57  0.4714
                                                            1
  141 0000008C 1D 47           DCW              18205       ;  6 0x471d  0.5555
                                                            7
  142 0000008E 34 51           DCW              20788       ;  7 0x5134  0.6344
                                                            0
  143 00000090 82 5A           DCW              23170       ;  8 0x5a82  0.7070
                                                            9
  144 00000092 F2 62           DCW              25330       ;  9 0x62f2  0.7730
                                                            1
  145 00000094 6E 6A           DCW              27246       ; 10 0x6a6e  0.8314
                                                            8
  146 00000096 E3 70           DCW              28899       ; 11 0x70e3  0.8819
                                                            3
  147 00000098 42 76           DCW              30274       ; 12 0x7642  0.9238
                                                            9
  148 0000009A 7D 7A           DCW              31357       ; 13 0x7a7d  0.9569
                                                            4



ARM Macro Assembler    Page 5 


  149 0000009C 8A 7D           DCW              32138       ; 14 0x7d8a  0.9807
                                                            7
  150 0000009E 62 7F           DCW              32610       ; 15 0x7f62  0.9951
                                                            8
  151 000000A0 FF 7F           DCW              32767       ; 16 0x7fff  0.9999
                                                            7
  152 000000A2 62 7F           DCW              32610       ; 17 0x7f62  0.9951
                                                            8
  153 000000A4 8A 7D           DCW              32138       ; 18 0x7d8a  0.9807
                                                            7
  154 000000A6 7D 7A           DCW              31357       ; 19 0x7a7d  0.9569
                                                            4
  155 000000A8 42 76           DCW              30274       ; 20 0x7642  0.9238
                                                            9
  156 000000AA E3 70           DCW              28899       ; 21 0x70e3  0.8819
                                                            3
  157 000000AC 6E 6A           DCW              27246       ; 22 0x6a6e  0.8314
                                                            8
  158 000000AE F2 62           DCW              25330       ; 23 0x62f2  0.7730
                                                            1
  159 000000B0 82 5A           DCW              23170       ; 24 0x5a82  0.7070
                                                            9
  160 000000B2 34 51           DCW              20788       ; 25 0x5134  0.6344
                                                            0
  161 000000B4 1D 47           DCW              18205       ; 26 0x471d  0.5555
                                                            7
  162 000000B6 57 3C           DCW              15447       ; 27 0x3c57  0.4714
                                                            1
  163 000000B8 FC 30           DCW              12540       ; 28 0x30fc  0.3826
                                                            9
  164 000000BA 28 25           DCW              9512        ; 29 0x2528  0.2902
                                                            8
  165 000000BC F9 18           DCW              6393        ; 30 0x18f9  0.1951
                                                            0
  166 000000BE 8C 0C           DCW              3212        ; 31 0x0c8c  0.0980
                                                            2
  167 000000C0 00 00           DCW              0           ; 32 0x0000  0.0000
                                                            0
  168 000000C2 74 F3           DCW              -3212       ; 33 0xf374 -0.0980
                                                            2
  169 000000C4 07 E7           DCW              -6393       ; 34 0xe707 -0.1951
                                                            0
  170 000000C6 D8 DA           DCW              -9512       ; 35 0xdad8 -0.2902
                                                            8
  171 000000C8 04 CF           DCW              -12540      ; 36 0xcf04 -0.3826
                                                            9
  172 000000CA A9 C3           DCW              -15447      ; 37 0xc3a9 -0.4714
                                                            1
  173 000000CC E3 B8           DCW              -18205      ; 38 0xb8e3 -0.5555
                                                            7
  174 000000CE CC AE           DCW              -20788      ; 39 0xaecc -0.6344
                                                            0
  175 000000D0 7E A5           DCW              -23170      ; 40 0xa57e -0.7070
                                                            9
  176 000000D2 0E 9D           DCW              -25330      ; 41 0x9d0e -0.7730
                                                            1
  177 000000D4 92 95           DCW              -27246      ; 42 0x9592 -0.8314
                                                            8
  178 000000D6 1D 8F           DCW              -28899      ; 43 0x8f1d -0.8819



ARM Macro Assembler    Page 6 


                                                            3
  179 000000D8 BE 89           DCW              -30274      ; 44 0x89be -0.9238
                                                            9
  180 000000DA 83 85           DCW              -31357      ; 45 0x8583 -0.9569
                                                            4
  181 000000DC 76 82           DCW              -32138      ; 46 0x8276 -0.9807
                                                            7
  182 000000DE 9E 80           DCW              -32610      ; 47 0x809e -0.9951
                                                            8
  183 000000E0 00 80           DCW              -32768      ; 48 0x8000 -1.0000
                                                            0
  184 000000E2 9E 80           DCW              -32610      ; 49 0x809e -0.9951
                                                            8
  185 000000E4 76 82           DCW              -32138      ; 50 0x8276 -0.9807
                                                            7
  186 000000E6 83 85           DCW              -31357      ; 51 0x8583 -0.9569
                                                            4
  187 000000E8 BE 89           DCW              -30274      ; 52 0x89be -0.9238
                                                            9
  188 000000EA 1D 8F           DCW              -28899      ; 53 0x8f1d -0.8819
                                                            3
  189 000000EC 92 95           DCW              -27246      ; 54 0x9592 -0.8314
                                                            8
  190 000000EE 0E 9D           DCW              -25330      ; 55 0x9d0e -0.7730
                                                            1
  191 000000F0 7E A5           DCW              -23170      ; 56 0xa57e -0.7070
                                                            9
  192 000000F2 CC AE           DCW              -20788      ; 57 0xaecc -0.6344
                                                            0
  193 000000F4 E3 B8           DCW              -18205      ; 58 0xb8e3 -0.5555
                                                            7
  194 000000F6 A9 C3           DCW              -15447      ; 59 0xc3a9 -0.4714
                                                            1
  195 000000F8 04 CF           DCW              -12540      ; 60 0xcf04 -0.3826
                                                            9
  196 000000FA D8 DA           DCW              -9512       ; 61 0xdad8 -0.2902
                                                            8
  197 000000FC 07 E7           DCW              -6393       ; 62 0xe707 -0.1951
                                                            0
  198 000000FE 74 F3           DCW              -3212       ; 63 0xf374 -0.0980
                                                            2
  199 00000100         
  200 00000100         
  201 00000100         
  202 00000100         
  203 00000100                 END
Command Line: --debug --xref --diag_suppress=9931 --cpu=Cortex-M3 --apcs=interw
ork --depend=.\obj\dft.d -o.\obj\dft.o -I.\RTE\_Simu -IC:\Programdata\Keil\Arm\
Packs\ARM\CMSIS\5.7.0\CMSIS\Core\Include -IC:\Programdata\Keil\Arm\Packs\Keil\S
TM32F1xx_DFP\2.3.0\Device\Include --predefine="__EVAL SETA 1" --predefine="__MI
CROLIB SETA 1" --predefine="__UVISION_VERSION SETA 534" --predefine="_RTE_ SETA
 1" --predefine="STM32F10X_MD SETA 1" --predefine="_RTE_ SETA 1" --list=dft.lst
 Src\DFT.s



ARM Macro Assembler    Page 1 Alphabetic symbol ordering
Relocatable symbols

mesdata 00000000

Symbol: mesdata
   Definitions
      At line 10 in file Src\DFT.s
   Uses
      None
Comment: mesdata unused
1 symbol



ARM Macro Assembler    Page 1 Alphabetic symbol ordering
Relocatable symbols

maram 00000000

Symbol: maram
   Definitions
      At line 14 in file Src\DFT.s
   Uses
      None
Comment: maram unused
1 symbol



ARM Macro Assembler    Page 1 Alphabetic symbol ordering
Relocatable symbols

THEDFT 00000000

Symbol: THEDFT
   Definitions
      At line 26 in file Src\DFT.s
   Uses
      At line 5 in file Src\DFT.s
Comment: THEDFT used once
boucleExit 00000042

Symbol: boucleExit
   Definitions
      At line 57 in file Src\DFT.s
   Uses
      At line 34 in file Src\DFT.s
Comment: boucleExit used once
iteration 00000010

Symbol: iteration
   Definitions
      At line 31 in file Src\DFT.s
   Uses
      At line 55 in file Src\DFT.s
Comment: iteration used once
moncode 00000000

Symbol: moncode
   Definitions
      At line 24 in file Src\DFT.s
   Uses
      None
Comment: moncode unused
4 symbols



ARM Macro Assembler    Page 1 Alphabetic symbol ordering
Relocatable symbols

TabCos 00000000

Symbol: TabCos
   Definitions
      At line 69 in file Src\DFT.s
   Uses
      At line 40 in file Src\DFT.s
Comment: TabCos used once
TabSin 00000080

Symbol: TabSin
   Definitions
      At line 134 in file Src\DFT.s
   Uses
      At line 47 in file Src\DFT.s
Comment: TabSin used once
Trigo 00000000

Symbol: Trigo
   Definitions
      At line 66 in file Src\DFT.s
   Uses
      None
Comment: Trigo unused
3 symbols



ARM Macro Assembler    Page 1 Alphabetic symbol ordering
External symbols

LeSignal 00000000

Symbol: LeSignal
   Definitions
      At line 6 in file Src\DFT.s
   Uses
      None
Comment: LeSignal unused
1 symbol
347 symbols in table
