


ARM Macro Assembler    Page 1 


    1 00000000                 PRESERVE8
    2 00000000                 THUMB
    3 00000000                 INCLUDE          DriverJeuLaser.inc
    1 00000000         
    2 00000000         ; Bibliotheque DriverJeuLaser (ancienne gassp72 adaptée 
                       2021 - TR)
    3 00000000         ; Accès en aux fonctions suivantes :
    4 00000000         ; GPIO :
    5 00000000         ; GPIOA_Set(char Broche), GPIOB_Set(char Broche), GPIOC_
                       Set(char Broche)
    6 00000000         ; GPIOA_Clear(char Broche), GPIOB_Clear(char Broche), GP
                       IOC_Clear(char Broche)
    7 00000000         
    8 00000000         ; PWM :
    9 00000000         ;/**
   10 00000000         ; * @brief  Fixe une valeur de PWM, Val, en tick horloge
                       . La rapport cyclique effectif
   11 00000000         ; * est donc : rcy = Thaut_ticks / Periode_ticks
   12 00000000         ; * @note   spécifique Jeu Laser, PWM liée exclusivement
                        au TIM3, chan3
   13 00000000         ; * @param  Thaut_ticks : durée de l'état haut d'une imp
                       ulsion en Ticks
   14 00000000         ;  * @retval None
   15 00000000         ; */
   16 00000000         
   17 00000000         ;void PWM_Set_Value_TIM3_Ch3( unsigned short int Thaut_t
                       icks);
   18 00000000                 import           PWM_Set_Value_TIM3_Ch3
   19 00000000         
   20 00000000         
   21 00000000         
   22 00000000         ;/**
   23 00000000         ; * @brief  Mise à 1 d'une broche GPIO 
   24 00000000         ;  * @note   Une fonction par GPIO
   25 00000000         ; * @param  Broche : 0 à 15
   26 00000000         ; * @retval None
   27 00000000         ; */
   28 00000000         
   29 00000000         ;void GPIOA_Set(char Broche);
   30 00000000                 import           GPIOA_Set
   31 00000000         
   32 00000000         ;void GPIOB_Set(char Broche);
   33 00000000                 import           GPIOB_Set
   34 00000000         
   35 00000000         ;void GPIOC_Set(char Broche);
   36 00000000                 import           GPIOC_Set
   37 00000000         
   38 00000000         
   39 00000000         
   40 00000000         ;/**
   41 00000000         ; * @brief  Mise à 0 d'une broche GPIO 
   42 00000000         ;  * @note   Une fonction par GPIO
   43 00000000         ; * @param  Broche : 0 à 15
   44 00000000         ; * @retval None
   45 00000000         ;  */
   46 00000000         
   47 00000000         ;void GPIOA_Clear(char Broche);
   48 00000000                 import           GPIOA_Clear
   49 00000000         



ARM Macro Assembler    Page 2 


   50 00000000         ;void GPIOB_Clear(char Broche);
   51 00000000                 import           GPIOB_Clear
   52 00000000         
   53 00000000         ;void GPIOC_Clear(char Broche);
   54 00000000                 import           GPIOC_Clear
   55 00000000         
   56 00000000                 end
    4 00000000         
    5 00000000         ; ====================== zone de réservation de données,
                         ======================================
    6 00000000                 import           Son
    7 00000000                 import           LongueurSon
    8 00000000                 export           CallbackSon
    9 00000000                 export           SortieSon
   10 00000000         ;Section RAM (read only) :
   11 00000000                 area             mesdata,data,readonly
   12 00000000         
   13 00000000         
   14 00000000         ;Section RAM (read write):
   15 00000000                 area             maram,data,readwrite
   16 00000000         
   17 00000000 00000000 
                       index   dcd              0
   18 00000004 00 00   SortieSon
                               dcw              0
   19 00000006         
   20 00000006         ; ======================================================
                       =========================================
   21 00000006         
   22 00000006         
   23 00000006         
   24 00000006         
   25 00000006         ;Section ROM code (read only) :  
   26 00000006                 area             moncode,code,readonly
   27 00000000         
   28 00000000         
   29 00000000         ; écrire le code ici
   30 00000000         CallbackSon
                               proc
   31 00000000         ;
   32 00000000         ;if(indice<long)
   33 00000000 E92D 41F0       push             {r4,r5,r6,r7,r8,lr}
   34 00000004 480E            ldr              r0,=Son
   35 00000006 4A0F            ldr              r2,=index
   36 00000008 6816            ldr              r6,[r2]
   37 0000000A 4C0F            ldr              r4,=LongueurSon
   38 0000000C F8DF 803C       ldr              r8,=SortieSon
   39 00000010         ;ldr r3, [r2]
   40 00000010 6827            ldr              r7, [r4]
   41 00000012         
   42 00000012 42BE            cmp              r6,r7
   43 00000014 DA13            bge              fin         ; fin de if
   44 00000016 F930 1016       ldrsh            r1,[r0,r6,lsl#1]
   45 0000001A         
   46 0000001A         
   47 0000001A         ;Rx= (son[indice]+32768)/92)
   48 0000001A F04F 0300       mov              r3,#0
   49 0000001E F240 25CF       mov              r5,#719
   50 00000022         



ARM Macro Assembler    Page 3 


   51 00000022 F503 4300       add              r3,#32768
   52 00000026 FB05 F503       mul              r5,r5,r3
   53 0000002A EA4F 4515       lsr              r5,r5,#16   ; r5/2^16
   54 0000002E 6005            str              r5,[r0]
   55 00000030         
   56 00000030 F8C8 5000       str              r5,[r8]
   57 00000034         ;indice++ 
   58 00000034         
   59 00000034 F106 0601       add              r6,r6,#1
   60 00000038 6016            str              r6,[r2]
   61 0000003A E8BD 40F0       pop              {r4,r5,r6,r7,lr}
   62 0000003E         
   63 0000003E         fin
   64 0000003E 4770            bx               lr
   65 00000040         
   66 00000040         
   67 00000040         
   68 00000040         ;
   69 00000040         ;
   70 00000040         ;  
   71 00000040         ;  
   72 00000040         
   73 00000040         
   74 00000040         
   75 00000040         
   76 00000040         endp
   77 00000040         
   78 00000040         END
                       
              00000000 
              00000000 
              00000000 
              00000000 
Command Line: --debug --xref --diag_suppress=9931 --cpu=Cortex-M3 --apcs=interw
ork --depend=.\obj\gestionson.d -o.\obj\gestionson.o -I.\Driver -I.\RTE\_Simu -
IC:\Programdata\Keil\Arm\Packs\ARM\CMSIS\5.7.0\CMSIS\Core\Include -IC:\Programd
ata\Keil\Arm\Packs\Keil\STM32F1xx_DFP\2.3.0\Device\Include --predefine="__EVAL 
SETA 1" --predefine="__MICROLIB SETA 1" --predefine="__UVISION_VERSION SETA 534
" --predefine="_RTE_ SETA 1" --predefine="STM32F10X_MD SETA 1" --predefine="_RT
E_ SETA 1" --list=gestionson.lst Src\GestionSon.s



ARM Macro Assembler    Page 1 Alphabetic symbol ordering
Relocatable symbols

mesdata 00000000

Symbol: mesdata
   Definitions
      At line 11 in file Src\GestionSon.s
   Uses
      None
Comment: mesdata unused
1 symbol



ARM Macro Assembler    Page 1 Alphabetic symbol ordering
Relocatable symbols

SortieSon 00000004

Symbol: SortieSon
   Definitions
      At line 18 in file Src\GestionSon.s
   Uses
      At line 9 in file Src\GestionSon.s
      At line 38 in file Src\GestionSon.s

index 00000000

Symbol: index
   Definitions
      At line 17 in file Src\GestionSon.s
   Uses
      At line 35 in file Src\GestionSon.s
Comment: index used once
maram 00000000

Symbol: maram
   Definitions
      At line 15 in file Src\GestionSon.s
   Uses
      None
Comment: maram unused
3 symbols



ARM Macro Assembler    Page 1 Alphabetic symbol ordering
Relocatable symbols

CallbackSon 00000000

Symbol: CallbackSon
   Definitions
      At line 30 in file Src\GestionSon.s
   Uses
      At line 8 in file Src\GestionSon.s
Comment: CallbackSon used once
END 00000040

Symbol: END
   Definitions
      At line 78 in file Src\GestionSon.s
   Uses
      None
Comment: END unused
endp 00000040

Symbol: endp
   Definitions
      At line 76 in file Src\GestionSon.s
   Uses
      None
Comment: endp unused
fin 0000003E

Symbol: fin
   Definitions
      At line 63 in file Src\GestionSon.s
   Uses
      At line 43 in file Src\GestionSon.s
Comment: fin used once
moncode 00000000

Symbol: moncode
   Definitions
      At line 26 in file Src\GestionSon.s
   Uses
      None
Comment: moncode unused
5 symbols



ARM Macro Assembler    Page 1 Alphabetic symbol ordering
External symbols

GPIOA_Clear 00000000

Symbol: GPIOA_Clear
   Definitions
      At line 48 in file .\Driver\DriverJeuLaser.inc
   Uses
      None
Comment: GPIOA_Clear unused
GPIOA_Set 00000000

Symbol: GPIOA_Set
   Definitions
      At line 30 in file .\Driver\DriverJeuLaser.inc
   Uses
      None
Comment: GPIOA_Set unused
GPIOB_Clear 00000000

Symbol: GPIOB_Clear
   Definitions
      At line 51 in file .\Driver\DriverJeuLaser.inc
   Uses
      None
Comment: GPIOB_Clear unused
GPIOB_Set 00000000

Symbol: GPIOB_Set
   Definitions
      At line 33 in file .\Driver\DriverJeuLaser.inc
   Uses
      None
Comment: GPIOB_Set unused
GPIOC_Clear 00000000

Symbol: GPIOC_Clear
   Definitions
      At line 54 in file .\Driver\DriverJeuLaser.inc
   Uses
      None
Comment: GPIOC_Clear unused
GPIOC_Set 00000000

Symbol: GPIOC_Set
   Definitions
      At line 36 in file .\Driver\DriverJeuLaser.inc
   Uses
      None
Comment: GPIOC_Set unused
LongueurSon 00000000

Symbol: LongueurSon
   Definitions
      At line 7 in file Src\GestionSon.s
   Uses
      At line 37 in file Src\GestionSon.s
Comment: LongueurSon used once
PWM_Set_Value_TIM3_Ch3 00000000

Symbol: PWM_Set_Value_TIM3_Ch3



ARM Macro Assembler    Page 2 Alphabetic symbol ordering
External symbols

   Definitions
      At line 18 in file .\Driver\DriverJeuLaser.inc
   Uses
      None
Comment: PWM_Set_Value_TIM3_Ch3 unused
Son 00000000

Symbol: Son
   Definitions
      At line 6 in file Src\GestionSon.s
   Uses
      At line 34 in file Src\GestionSon.s
Comment: Son used once
9 symbols
355 symbols in table
